1
0
1
ASSEMBLY
1
PART-1_INSTANCE
PART-1
1
PART-1_INSTANCE
14
-2147483646
0
48 1 16 5 0 1 0 -1 -1 4041 1 -1879048189 1 4041 
14
48 1 16 5 0 1 0 -1 -1 4041 1 -1879048189 1 4041 
0
1
PART-1_INSTANCE
14
-2147483646
0
48 1 16 5 0 1 0 -1 -1 15528 1 -1879048189 1 15528 
14
48 1 16 5 0 1 0 -1 -1 15528 1 -1879048189 5771 15528 
0
0
1
PART-1_INSTANCE
1
ALLELEMENTS
0
1
14
-2147483647
48 1 16 5 0 1 0 -1 -1 15528 1 -1879048189 1 15528 
0
0
0
4
BOTTOMEXTERIORASSEMBLY
0
1
0
1
PART-1_INSTANCE
105
-2147483647
412 1 16 96 0 1 0 -1 -1 848 1 -1073741821 1 2912 -1071644729 -2147475471 1073741823 -16777216 33546241 33030144 -523265 268435455 0 29818880 473434080 1612464156 -1879080960 1023 0 57351 0 -1912587264 -33554431 -134217728 -2143354877 470155523 7680 16776704 -2097152000 65409 117456896 -268435456 -524287 268434435 0 267386880 50331648 127072 504 255800 49152 -1073741824 127 265158782 -2147483200 202244097 33046272 3670016 -253558664 -528482289 1056971783 917566 41943062 -2147209216 125837311 -69696 -134217727 2140000001 -268388352 15 7864320 535822336 98304 -126353408 -2097152 -1207959601 0 0 24572 10223616 -33555456 149503 -2147483648 -67107777 -2147481849 16287 16642076 549517312 1932533760 1059068160 -58720256 6488304 130024321 805306427 2047 -134209284 503316735 4068448 286263360 15736079 -1073642848 1754394891 419528600 -530151888 13 
0
XFIXEDNODESASSEMBLY
0
1
0
1
PART-1_INSTANCE
102
-2147483647
400 1 16 93 0 1 0 -1 -1 260 3 -1073741819 -1073741816 -1073741792 32 32 3 192 704 62 0 0 59637760 939524544 32768 8323072 1848 0 114688 0 335575040 -67108864 1 0 512 15360 0 0 3 32768 -2147483648 1024 1888 100663296 8192 960 511488 98304 0 0 530317312 0 1572867 0 0 131312 -1073741824 2080374799 1048700 0 548864 256 384896 -268435456 -1627349501 94208 0 2097152 0 131072 -268435456 16777217 0 0 0 36864 20447232 0 0 0 -134217728 2575 8 33284096 1082257408 570441728 1946169344 16777216 393216 260046848 1610612736 0 -1879031680 1006633471 0 538968064 31469568 -2147482624 268681223 536936192 -1065351168 27 
0
YFIXEDNODESASSEMBLY
0
1
0
1
PART-1_INSTANCE
102
-2147483647
400 1 16 93 0 1 0 -1 -1 450 2 -1073741820 -1073741817 31 32 1 191 2688 3968 0 0 0 7168 7340144 1056964608 398 0 28 0 268435456 6 0 16515072 1880621070 0 67106816 201326592 261632 469762048 -1073741824 -2097146 1073737743 0 1069547520 0 491904 96 224 0 0 511 504 1792 805830656 132185088 14680064 -1014497280 33554495 67137536 1572864 167772248 0 503348734 -1048576 7 -1070202880 -1073741824 63 27262976 2143289344 131072 31457280 -41943040 -536871105 2 0 24560 0 -134221824 598015 0 4350 2048 65134 112 33554432 -2000683008 343933953 -268435456 25166787 3588 236 8188 -1073741072 0 16273792 67117312 5180 393856 -2109717472 604242017 10094784 
0
ZFIXEDNODESASSEMBLY
0
1
0
1
PART-1_INSTANCE
138
1 2 3 7 8 9 10 11 12 13 14 15 16 17 18 19 20 21 37 38 39 40 41 42 43 44 45 64 65 66 67 68 69 70 71 72 73 74 75 76 77 78 79 80 81 82 83 84 85 86 87 88 89 90 91 92 93 94 121 122 123 124 125 126 127 128 129 142 143 144 145 146 147 148 149 150 151 152 153 180 181 182 183 184 185 212 213 214 215 216 217 218 219 220 221 222 223 224 225 226 227 228 229 230 231 232 233 234 235 236 237 238 239 240 241 242 243 244 245 246 247 248 249 250 251 252 340 341 342 382 383 636 637 638 639 640 641 642 
0
0
0
0
