1
0
1
ASSEMBLY
1
PART-1_INSTANCE
PART-1
1
PART-1_INSTANCE
14
-2147483646
0
48 1 16 5 0 1 0 -1 -1 4041 1 -1879048189 1 4041 
14
48 1 16 5 0 1 0 -1 -1 4041 1 -1879048189 1 4041 
0
1
PART-1_INSTANCE
14
-2147483646
0
48 1 16 5 0 1 0 -1 -1 15528 1 -1879048189 1 15528 
14
48 1 16 5 0 1 0 -1 -1 15528 1 -1879048189 5771 15528 
0
0
1
PART-1_INSTANCE
1
ALLELEMENTS
0
1
14
-2147483647
48 1 16 5 0 1 0 -1 -1 15528 1 -1879048189 1 15528 
0
0
0
4
BOTTOMEXTERIORASSEMBLY
0
1
0
1
PART-1_INSTANCE
105
-2147483647
412 1 16 96 0 1 0 -1 -1 591 1 -1073741821 1 2912 -1071644729 -2147475471 1073741823 -16777216 33546241 33030144 -523272 268435455 0 29818880 473432288 1612464156 264732672 8 0 16385 0 -1912587264 -33554431 -134217728 -2143354877 470155523 7680 3584 -2097152000 897 16384 0 -524288 234880003 0 58720256 0 24576 56 51000 16384 -1073741824 63 264634368 448 201326592 33046272 3670016 -253558664 -536870897 1056966663 917566 0 -2147483648 611 1010565184 402653184 1098907648 1610612736 0 3670016 34603008 98304 137887744 -2097152 8380303 0 0 8132 1835008 -260047872 127 0 -603979764 -2147482617 8095 7467036 545290240 36708352 1059067904 2013265920 6422640 12583681 805306411 1023 -671088536 255 4063232 269484032 7347215 -1073642848 1073860619 134283264 -530414592 13 
0
XFIXEDNODESASSEMBLY
0
1
0
1
PART-1_INSTANCE
168
32 33 196 197 305 306 307 311 312 313 326 327 328 347 348 349 367 400 401 402 403 420 495 555 556 557 558 570 572 602 603 604 605 606 607 608 681 714 715 716 717 800 801 847 922 1070 1094 1129 1130 1131 1135 1136 1167 1266 1267 1271 1272 1273 1274 1275 1276 1412 1413 1414 1415 1425 1470 1471 1472 1473 1474 1475 1498 1499 1500 1501 1502 1506 1507 1508 1509 1510 1524 1639 1692 1693 1720 1721 1727 1813 1873 1916 1944 2060 2061 2099 2100 2101 2235 2236 2237 2239 2240 2241 2242 2243 2251 2275 2317 2318 2319 2320 2321 2325 2326 2327 2348 2349 2350 2351 2366 2382 2412 2413 2426 2428 2429 2430 2482 2519 2520 2557 2558 2599 2620 2623 2624 2625 2626 2627 2628 2629 2630 2631 2632 2709 2717 2732 2733 2741 2742 2743 2762 2783 2784 2785 2786 2799 2800 2801 2859 2871 2878 2879 2880 2881 2883 2884 
0
YFIXEDNODESASSEMBLY
0
1
0
1
PART-1_INSTANCE
100
-2147483647
392 1 16 91 0 1 0 -1 -1 285 2 -268435452 -1073741814 31 32 2 160 1 3968 351 2528 7340144 1056964608 0 0 4 0 268435456 6 0 16515072 1880621070 0 14336 201326592 3584 0 0 -136314880 939520015 0 234881024 0 65536 96 224 0 0 255 0 1792 805306368 132185088 14680064 -1014497280 63 67117056 1572864 0 0 2446 -252706816 0 0 -2147483648 1 10485760 138412032 131072 14680064 -41943040 33521215 0 0 7952 0 -1040191488 511 0 48 0 32366 112 33554432 146800640 343932928 -536870912 25166273 3076 172 4092 1073741984 0 16252928 0 4156 393856 16416 537133057 9043968 
0
ZFIXEDNODESASSEMBLY
0
1
0
1
PART-1_INSTANCE
138
1 2 3 7 8 9 10 11 12 13 14 15 16 17 18 19 20 21 37 38 39 40 41 42 43 44 45 64 65 66 67 68 69 70 71 72 73 74 75 76 77 78 79 80 81 82 83 84 85 86 87 88 89 90 91 92 93 94 121 122 123 124 125 126 127 128 129 142 143 144 145 146 147 148 149 150 151 152 153 180 181 182 183 184 185 212 213 214 215 216 217 218 219 220 221 222 223 224 225 226 227 228 229 230 231 232 233 234 235 236 237 238 239 240 241 242 243 244 245 246 247 248 249 250 251 252 340 341 342 382 383 636 637 638 639 640 641 642 
0
0
0
0
