1
0
1
ASSEMBLY
1
PART-1_INSTANCE
PART-1
1
PART-1_INSTANCE
14
-2147483646
0
48 1 16 5 0 1 0 -1 -1 4041 1 -1879048189 1 4041 
14
48 1 16 5 0 1 0 -1 -1 4041 1 -1879048189 1 4041 
0
1
PART-1_INSTANCE
14
-2147483646
0
48 1 16 5 0 1 0 -1 -1 15528 1 -1879048189 1 15528 
14
48 1 16 5 0 1 0 -1 -1 15528 1 -1879048189 5771 15528 
0
0
1
PART-1_INSTANCE
1
ALLELEMENTS
0
1
14
-2147483647
48 1 16 5 0 1 0 -1 -1 15528 1 -1879048189 1 15528 
0
0
0
4
BOTTOMEXTERIORASSEMBLY
0
1
0
1
PART-1_INSTANCE
99
-2147483647
388 1 16 90 0 1 0 -1 -1 334 3 -1073741819 -1073741804 -1073741783 1 416 2097095 -2147475472 1073741823 -16777216 33546241 33030144 -523328 268435455 0 0 473432064 1610612736 29360128 545 608 -2147475456 -134217727 -134217728 3 335937536 7680 2560 -2113929216 641 0 0 -235405312 33094659 0 33554432 0 0 0 50432 1409 1504 819986456 1073741824 0 16 0 0 0 67108864 134217728 0 0 0 1572864 0 0 0 -941621248 4119948 0 0 448 1835008 -262161408 14 0 -603979776 1024 7708 12288 24576 8192 738203648 402653184 0 4194304 0 495 -671088544 127 3014656 268435456 3152911 -1073741824 1 0 -530414592 13 
0
XFIXEDNODESASSEMBLY
0
1
0
1
PART-1_INSTANCE
74
347 348 349 558 604 605 606 607 608 714 715 716 717 800 801 1129 1131 1135 1136 1412 1413 1471 1509 1692 1813 1944 2099 2100 2101 2128 2235 2236 2237 2239 2240 2251 2275 2317 2318 2350 2351 2382 2412 2413 2428 2430 2519 2599 2620 2623 2624 2625 2626 2627 2628 2629 2630 2631 2717 2732 2733 2741 2742 2783 2784 2785 2859 2871 2878 2879 2880 2881 2883 2884 
0
YFIXEDNODESASSEMBLY
0
1
0
1
PART-1_INSTANCE
122
199 200 201 202 407 408 409 576 577 690 691 699 701 746 748 794 808 810 916 917 918 919 920 921 925 926 927 928 929 930 939 940 941 942 943 944 948 949 950 951 952 953 1018 1430 1431 1432 1437 1438 1659 1812 1942 1943 1945 1946 1947 1951 1952 1955 1956 1960 1961 1963 1964 1965 1967 1968 1970 1971 1972 1973 1974 2055 2056 2057 2123 2124 2125 2126 2129 2130 2131 2132 2133 2135 2141 2142 2143 2144 2146 2147 2148 2276 2277 2282 2283 2284 2285 2427 2460 2461 2561 2562 2563 2564 2566 2567 2568 2569 2598 2621 2674 2675 2676 2678 2721 2722 2723 2724 2731 2864 2866 2870 
0
ZFIXEDNODESASSEMBLY
0
1
0
1
PART-1_INSTANCE
138
1 2 3 7 8 9 10 11 12 13 14 15 16 17 18 19 20 21 37 38 39 40 41 42 43 44 45 64 65 66 67 68 69 70 71 72 73 74 75 76 77 78 79 80 81 82 83 84 85 86 87 88 89 90 91 92 93 94 121 122 123 124 125 126 127 128 129 142 143 144 145 146 147 148 149 150 151 152 153 180 181 182 183 184 185 212 213 214 215 216 217 218 219 220 221 222 223 224 225 226 227 228 229 230 231 232 233 234 235 236 237 238 239 240 241 242 243 244 245 246 247 248 249 250 251 252 340 341 342 382 383 636 637 638 639 640 641 642 
0
0
0
0
