1
0
1
ASSEMBLY
1
PART-1_INSTANCE
PART-1
1
PART-1_INSTANCE
14
-2147483646
0
48 1 16 5 0 1 0 -1 -1 4041 1 -1879048189 1 4041 
14
48 1 16 5 0 1 0 -1 -1 4041 1 -1879048189 1 4041 
0
1
PART-1_INSTANCE
14
-2147483646
0
48 1 16 5 0 1 0 -1 -1 15528 1 -1879048189 1 15528 
14
48 1 16 5 0 1 0 -1 -1 15528 1 -1879048189 5771 15528 
0
0
1
PART-1_INSTANCE
1
ALLELEMENTS
0
1
14
-2147483647
48 1 16 5 0 1 0 -1 -1 15528 1 -1879048189 1 15528 
0
0
0
2
BOTTOMEXTERIORASSEMBLY
0
1
0
1
PART-1_INSTANCE
138
1 2 3 7 8 9 10 11 12 13 14 15 16 17 18 19 20 21 37 38 39 40 41 42 43 44 45 64 65 66 67 68 69 70 71 72 73 74 75 76 77 78 79 80 81 82 83 84 85 86 87 88 89 90 91 92 93 94 121 122 123 124 125 126 127 128 129 142 143 144 145 146 147 148 149 150 151 152 153 180 181 182 183 184 185 212 213 214 215 216 217 218 219 220 221 222 223 224 225 226 227 228 229 230 231 232 233 234 235 236 237 238 239 240 241 242 243 244 245 246 247 248 249 250 251 252 340 341 342 382 383 636 637 638 639 640 641 642 
0
ZFIXEDNODESASSEMBLY
0
1
0
1
PART-1_INSTANCE
138
1 2 3 7 8 9 10 11 12 13 14 15 16 17 18 19 20 21 37 38 39 40 41 42 43 44 45 64 65 66 67 68 69 70 71 72 73 74 75 76 77 78 79 80 81 82 83 84 85 86 87 88 89 90 91 92 93 94 121 122 123 124 125 126 127 128 129 142 143 144 145 146 147 148 149 150 151 152 153 180 181 182 183 184 185 212 213 214 215 216 217 218 219 220 221 222 223 224 225 226 227 228 229 230 231 232 233 234 235 236 237 238 239 240 241 242 243 244 245 246 247 248 249 250 251 252 340 341 342 382 383 636 637 638 639 640 641 642 
0
0
0
0
