1
0
1
ASSEMBLY
1
PART-1_INSTANCE
PART-1
1
PART-1_INSTANCE
14
-2147483646
0
48 1 16 5 0 1 0 -1 -1 4041 1 -1879048189 1 4041 
14
48 1 16 5 0 1 0 -1 -1 4041 1 -1879048189 1 4041 
0
1
PART-1_INSTANCE
14
-2147483646
0
48 1 16 5 0 1 0 -1 -1 15528 1 -1879048189 1 15528 
14
48 1 16 5 0 1 0 -1 -1 15528 1 -1879048189 5771 15528 
0
0
1
PART-1_INSTANCE
1
ALLELEMENTS
0
1
14
-2147483647
48 1 16 5 0 1 0 -1 -1 15528 1 -1879048189 1 15528 
0
0
0
4
BOTTOMEXTERIORASSEMBLY
0
1
0
1
PART-1_INSTANCE
105
-2147483647
412 1 16 96 0 1 0 -1 -1 761 1 -1073741821 1 2912 -1071644729 -2147475471 1073741823 -16777216 33546241 33030144 -523265 268435455 0 29818880 473432288 1612464156 -1879080960 1023 0 57351 0 -1912587264 -33554431 -134217728 -2143354877 470155523 7680 16776704 -2097152000 65409 117456896 -268435456 -524287 268434435 0 267386880 50331648 127072 504 255800 49152 -1073741824 127 265158782 -2147483200 202113025 33046272 3670016 -253558664 -536870897 1056971783 917566 0 -2147483648 1783 -1082389696 -134217728 2139193600 -268427264 14 3670016 533725184 98304 2016935936 -2097152 16777103 0 0 8148 1835008 -234882048 1023 -2147483648 -67108802 -2147481849 8095 7467036 549517312 1932533760 1059068160 -67108864 6488304 130024321 805306411 2047 -134217476 503316735 4068448 286263360 15736079 -1073642848 1610731531 134289408 -530151936 13 
0
XFIXEDNODESASSEMBLY
0
1
0
1
PART-1_INSTANCE
228
32 33 193 194 195 196 197 305 306 307 311 312 313 326 327 328 347 348 349 367 400 401 402 403 404 405 406 419 420 421 424 425 426 494 495 496 555 556 557 558 570 572 602 603 604 605 606 607 608 681 714 715 716 717 800 801 847 895 1049 1050 1069 1094 1095 1096 1097 1129 1130 1131 1134 1135 1136 1137 1138 1167 1168 1266 1267 1268 1271 1272 1273 1274 1275 1276 1312 1313 1331 1332 1412 1413 1414 1415 1425 1470 1471 1472 1473 1474 1475 1498 1499 1500 1501 1502 1506 1507 1508 1509 1510 1524 1608 1639 1641 1642 1644 1657 1692 1693 1694 1695 1696 1712 1720 1721 1722 1723 1724 1725 1727 1742 1813 1873 1916 1917 1918 1919 1944 2060 2099 2100 2101 2235 2236 2237 2238 2239 2240 2241 2242 2243 2249 2251 2275 2317 2318 2319 2320 2321 2325 2326 2327 2348 2349 2350 2351 2352 2359 2366 2382 2393 2397 2412 2413 2426 2428 2429 2430 2481 2482 2519 2520 2521 2522 2523 2557 2558 2599 2620 2623 2624 2625 2626 2627 2628 2629 2630 2631 2632 2650 2651 2652 2653 2709 2717 2732 2733 2741 2742 2743 2744 2762 2783 2784 2785 2786 2799 2800 2801 2828 2829 2859 2871 2878 2879 2880 2881 2883 2884 
0
YFIXEDNODESASSEMBLY
0
1
0
1
PART-1_INSTANCE
100
-2147483647
392 1 16 91 0 1 0 -1 -1 395 2 -268435452 -1073741814 31 32 2 160 1 3968 351 2528 7340144 1056964608 398 0 28 0 268435456 6 0 16515072 1880621070 0 67106816 201326592 261632 469762048 -1073741824 -2097146 1073737743 0 1069547520 0 491904 96 224 0 0 511 504 1792 805306368 132185088 14680064 -1014497280 63 67137536 1572864 0 0 6622 -101711872 2 -2147220480 -1073741824 59 10485760 2134900736 131072 14680064 -41943040 67108415 0 0 24400 0 -939528192 4095 0 250 2048 32366 112 33554432 -2000683008 343933953 -268435456 25166787 3588 172 8188 -1073741072 0 16273792 67117312 5180 393856 -2147467232 537133057 10094592 
0
ZFIXEDNODESASSEMBLY
0
1
0
1
PART-1_INSTANCE
138
1 2 3 7 8 9 10 11 12 13 14 15 16 17 18 19 20 21 37 38 39 40 41 42 43 44 45 64 65 66 67 68 69 70 71 72 73 74 75 76 77 78 79 80 81 82 83 84 85 86 87 88 89 90 91 92 93 94 121 122 123 124 125 126 127 128 129 142 143 144 145 146 147 148 149 150 151 152 153 180 181 182 183 184 185 212 213 214 215 216 217 218 219 220 221 222 223 224 225 226 227 228 229 230 231 232 233 234 235 236 237 238 239 240 241 242 243 244 245 246 247 248 249 250 251 252 340 341 342 382 383 636 637 638 639 640 641 642 
0
0
0
0
