1
0
1
ASSEMBLY
1
PART-1_INSTANCE
PART-1
1
PART-1_INSTANCE
14
-2147483646
0
48 1 16 5 0 1 0 -1 -1 4041 1 -1879048189 1 4041 
14
48 1 16 5 0 1 0 -1 -1 4041 1 -1879048189 1 4041 
0
1
PART-1_INSTANCE
14
-2147483646
0
48 1 16 5 0 1 0 -1 -1 15528 1 -1879048189 1 15528 
14
48 1 16 5 0 1 0 -1 -1 15528 1 -1879048189 5771 15528 
0
0
1
PART-1_INSTANCE
1
ALLELEMENTS
0
1
14
-2147483647
48 1 16 5 0 1 0 -1 -1 15528 1 -1879048189 1 15528 
0
0
0
4
BOTTOMEXTERIORASSEMBLY
0
1
0
1
PART-1_INSTANCE
86
-2147483647
336 1 16 77 0 1 0 -1 -1 285 5 -268435449 -268435419 -1073741781 -1073741778 -1073741760 1 416 2 544 2097095 -2147475472 1073741823 -16777216 33546241 33030144 -524032 268435455 0 0 204996608 1610612736 29360128 -2147483648 -134217727 -134217728 3 393216 7680 0 -2147483648 1 0 0 -235405312 33094659 1121 32 2 288 256 551550992 1633 32 67108864 1921 512 -958398464 3725708 0 0 448 1835008 -1340195840 2 0 -1006632960 0 7708 12288 24576 8192 2048 2561 352 495 -939524000 127 0 268435456 3152911 -1073741824 1 0 -1604156416 13 
0
XFIXEDNODESASSEMBLY
0
1
0
1
PART-1_INSTANCE
54
347 348 604 605 606 607 608 714 715 716 717 800 801 1129 1413 2099 2100 2101 2235 2239 2240 2275 2284 2317 2318 2350 2351 2382 2412 2599 2623 2624 2625 2626 2627 2628 2629 2630 2631 2717 2732 2733 2741 2742 2783 2784 2785 2859 2871 2878 2880 2881 2883 2884 
0
YFIXEDNODESASSEMBLY
0
1
0
1
PART-1_INSTANCE
93
201 407 408 409 576 577 690 691 916 917 918 919 920 921 925 926 927 928 929 930 939 940 941 942 943 944 948 949 950 951 952 953 1430 1431 1432 1438 1659 1942 1943 1944 1946 1947 1951 1952 1955 1956 1960 1961 1964 1965 1967 1968 1972 1973 1974 2055 2056 2057 2123 2124 2125 2126 2130 2131 2132 2133 2141 2142 2144 2146 2276 2277 2282 2283 2285 2561 2562 2563 2564 2566 2567 2568 2569 2598 2620 2721 2722 2723 2724 2731 2864 2866 2870 
0
ZFIXEDNODESASSEMBLY
0
1
0
1
PART-1_INSTANCE
138
1 2 3 7 8 9 10 11 12 13 14 15 16 17 18 19 20 21 37 38 39 40 41 42 43 44 45 64 65 66 67 68 69 70 71 72 73 74 75 76 77 78 79 80 81 82 83 84 85 86 87 88 89 90 91 92 93 94 121 122 123 124 125 126 127 128 129 142 143 144 145 146 147 148 149 150 151 152 153 180 181 182 183 184 185 212 213 214 215 216 217 218 219 220 221 222 223 224 225 226 227 228 229 230 231 232 233 234 235 236 237 238 239 240 241 242 243 244 245 246 247 248 249 250 251 252 340 341 342 382 383 636 637 638 639 640 641 642 
0
0
0
0
