1
0
1
ASSEMBLY
1
PART-1_INSTANCE
PART-1
1
PART-1_INSTANCE
14
-2147483646
0
48 1 16 5 0 1 0 -1 -1 4041 1 -1879048189 1 4041 
14
48 1 16 5 0 1 0 -1 -1 4041 1 -1879048189 1 4041 
0
1
PART-1_INSTANCE
14
-2147483646
0
48 1 16 5 0 1 0 -1 -1 15528 1 -1879048189 1 15528 
14
48 1 16 5 0 1 0 -1 -1 15528 1 -1879048189 5771 15528 
0
0
1
PART-1_INSTANCE
1
ALLELEMENTS
0
1
14
-2147483647
48 1 16 5 0 1 0 -1 -1 15528 1 -1879048189 1 15528 
0
0
0
4
BOTTOMEXTERIORASSEMBLY
0
1
0
1
PART-1_INSTANCE
105
-2147483647
412 1 16 96 0 1 0 -1 -1 1015 1 -1073741821 1 2912 -1071644729 -2147475471 1073741823 -16777216 33546305 33030144 -523265 268435455 0 29818880 473434080 2082226204 -1879079360 3671039 0 3727367 896 -1912587264 -8388601 -134217727 -1975572477 -1134690045 1039872 16776960 -2097143936 3014529 520110080 -268435456 -524063 -897 3 267485184 -16777213 127072 125833214 786232 1884160 -1073282560 524415 265158782 -2147483200 2081292289 33046272 3670016 -203227016 -488636401 1056971783 68026430 58982430 -2146439168 125837311 -64 -134217727 2140131073 -268371968 15 33030144 1072693248 1015808 -126353408 -2097152 -134217745 0 0 57340 16515072 -1024 491519 -2139095040 -67104961 -2147479801 32735 33550364 549780480 1932533760 2145392896 -41940992 14876914 130122625 805306427 124927 -134155780 503316735 8263272 288360512 15760671 -1073642848 1754394895 419528600 -530151888 13 
0
XFIXEDNODESASSEMBLY
0
1
0
1
PART-1_INSTANCE
104
-2147483647
408 1 16 95 0 1 0 -1 -1 317 1 -1073741821 32 2880 3 0 0 128 0 62 0 0 59637760 939524544 939556864 8323072 7341880 0 114688 0 335575040 -33554432 3 0 512 15360 0 0 3 32768 -2147483648 448 0 0 0 -33554432 8193 251666368 1572352 1671168 0 0 530317312 0 1572867 0 0 131312 -1073741824 2080374799 1048700 0 2088960 256 507776 -268435456 -1627353597 126976 0 18874368 0 1966080 -268435456 16777217 0 0 0 4096 33030144 0 0 0 -134216704 6671 8 67100672 1082783744 570441728 -201314304 50331648 393216 260112384 1610612736 0 -1878925184 1006633471 0 543162368 31518720 -2147482624 268681231 536936192 -1065351168 27 
0
YFIXEDNODESASSEMBLY
0
1
0
1
PART-1_INSTANCE
102
-2147483647
400 1 16 93 0 1 0 -1 -1 560 2 -1073741820 -1073741817 31 32 1 191 2688 3968 0 0 0 7168 7340144 1056971008 398 0 14680092 3584 268435456 33554462 0 687644672 -243793906 4128770 67107840 201358848 12058112 2080374784 -1073741824 -2097146 -3585 15 1069940736 12 491904 120 224 4194304 1837056 2097663 504 1792 -267911168 132185089 14680064 -813170688 192938047 67137536 270008320 235929720 0 503348734 -1015808 7 -1069670400 -1073741824 63 94371840 -4194304 131072 31457280 -41943040 -536870977 3 0 221168 0 -4096 1966079 33554432 13566 2048 130926 112 33554432 -2000683008 394265601 -268427264 58721227 265732 236 499708 -1073740048 0 33053088 67117312 5244 393856 -2109717472 604242017 10094784 
0
ZFIXEDNODESASSEMBLY
0
1
0
1
PART-1_INSTANCE
138
1 2 3 7 8 9 10 11 12 13 14 15 16 17 18 19 20 21 37 38 39 40 41 42 43 44 45 64 65 66 67 68 69 70 71 72 73 74 75 76 77 78 79 80 81 82 83 84 85 86 87 88 89 90 91 92 93 94 121 122 123 124 125 126 127 128 129 142 143 144 145 146 147 148 149 150 151 152 153 180 181 182 183 184 185 212 213 214 215 216 217 218 219 220 221 222 223 224 225 226 227 228 229 230 231 232 233 234 235 236 237 238 239 240 241 242 243 244 245 246 247 248 249 250 251 252 340 341 342 382 383 636 637 638 639 640 641 642 
0
0
0
0
