1
0
1
ASSEMBLY
1
PART-1_INSTANCE
PART-1
1
PART-1_INSTANCE
14
-2147483646
0
48 1 16 5 0 1 0 -1 -1 4041 1 -1879048189 1 4041 
14
48 1 16 5 0 1 0 -1 -1 4041 1 -1879048189 1 4041 
0
1
PART-1_INSTANCE
14
-2147483646
0
48 1 16 5 0 1 0 -1 -1 15528 1 -1879048189 1 15528 
14
48 1 16 5 0 1 0 -1 -1 15528 1 -1879048189 5771 15528 
0
0
1
PART-1_INSTANCE
1
ALLELEMENTS
0
1
14
-2147483647
48 1 16 5 0 1 0 -1 -1 15528 1 -1879048189 1 15528 
0
0
0
4
BOTTOMEXTERIORASSEMBLY
0
1
0
1
PART-1_INSTANCE
104
-2147483647
408 1 16 95 0 1 0 -1 -1 500 2 -1073741820 -1073741805 1 416 -1071644729 -2147475472 1073741823 -16777216 33546241 33030144 -523280 268435455 0 0 473432288 1610629148 29851648 545 2368 -1912588288 -134217727 -134217728 3 470155264 7680 3584 -2097152000 897 16384 0 -235405312 33094659 0 58720256 0 0 16 50992 0 1073741824 47 255852544 320 201326592 33046272 3145728 -253558664 -536870897 1056964615 655422 0 -2147483648 1 1008468032 402653184 1098907648 0 0 3670016 0 32768 137887744 -2097152 4185999 0 0 960 1835008 -260047872 110 0 -603979772 -2147482620 8095 2158620 8419328 8192 1056970752 2013265920 6291536 12583424 43 1023 -671088544 127 4063232 268435456 7347215 -1073643360 1073860619 134283264 -530414592 13 
0
XFIXEDNODESASSEMBLY
0
1
0
1
PART-1_INSTANCE
134
32 197 326 327 328 347 348 349 367 400 401 402 403 556 557 558 570 572 604 605 606 607 608 714 715 716 717 800 801 847 1126 1129 1130 1131 1135 1136 1271 1273 1274 1275 1276 1412 1413 1414 1415 1425 1470 1471 1472 1473 1474 1475 1498 1499 1500 1501 1502 1506 1507 1508 1509 1510 1524 1639 1692 1693 1720 1721 1727 1813 1916 1944 1950 2099 2100 2101 2235 2236 2237 2239 2240 2243 2251 2275 2317 2318 2319 2320 2326 2348 2349 2350 2351 2382 2412 2413 2426 2428 2429 2430 2519 2520 2599 2620 2623 2624 2625 2626 2627 2628 2629 2630 2631 2717 2732 2733 2741 2742 2743 2783 2784 2785 2786 2799 2800 2801 2859 2871 2878 2879 2880 2881 2883 2884 
0
YFIXEDNODESASSEMBLY
0
1
0
1
PART-1_INSTANCE
228
31 198 199 200 201 202 355 356 357 407 408 409 571 576 577 690 691 699 700 701 746 747 748 793 794 808 809 810 916 917 918 919 920 921 925 926 927 928 929 930 939 940 941 942 943 944 948 949 950 951 952 953 1016 1017 1018 1093 1125 1215 1217 1218 1219 1220 1222 1287 1289 1339 1340 1353 1354 1355 1356 1357 1358 1364 1365 1366 1367 1368 1369 1397 1398 1426 1430 1431 1432 1437 1438 1439 1440 1441 1442 1443 1444 1497 1522 1600 1601 1651 1652 1653 1659 1660 1661 1662 1812 1814 1872 1908 1909 1910 1942 1943 1945 1946 1947 1948 1949 1951 1952 1953 1954 1955 1956 1960 1961 1962 1963 1964 1965 1967 1968 1969 1970 1971 1972 1973 1974 2055 2056 2057 2058 2123 2124 2125 2126 2127 2128 2129 2130 2131 2132 2133 2134 2135 2141 2142 2143 2144 2146 2147 2148 2150 2151 2211 2272 2273 2274 2276 2277 2280 2281 2282 2283 2284 2285 2307 2308 2309 2360 2425 2427 2460 2461 2462 2463 2469 2471 2486 2487 2506 2529 2530 2532 2534 2561 2562 2563 2564 2565 2566 2567 2568 2569 2570 2598 2621 2674 2675 2676 2677 2678 2721 2722 2723 2724 2731 2758 2760 2768 2769 2788 2797 2815 2833 2844 2864 2866 2870 
0
ZFIXEDNODESASSEMBLY
0
1
0
1
PART-1_INSTANCE
138
1 2 3 7 8 9 10 11 12 13 14 15 16 17 18 19 20 21 37 38 39 40 41 42 43 44 45 64 65 66 67 68 69 70 71 72 73 74 75 76 77 78 79 80 81 82 83 84 85 86 87 88 89 90 91 92 93 94 121 122 123 124 125 126 127 128 129 142 143 144 145 146 147 148 149 150 151 152 153 180 181 182 183 184 185 212 213 214 215 216 217 218 219 220 221 222 223 224 225 226 227 228 229 230 231 232 233 234 235 236 237 238 239 240 241 242 243 244 245 246 247 248 249 250 251 252 340 341 342 382 383 636 637 638 639 640 641 642 
0
0
0
0
