1
0
1
ASSEMBLY
1
PART-1_INSTANCE
PART-1
1
PART-1_INSTANCE
14
-2147483646
0
48 1 16 5 0 1 0 -1 -1 4041 1 -1879048189 1 4041 
14
48 1 16 5 0 1 0 -1 -1 4041 1 -1879048189 1 4041 
0
1
PART-1_INSTANCE
14
-2147483646
0
48 1 16 5 0 1 0 -1 -1 15528 1 -1879048189 1 15528 
14
48 1 16 5 0 1 0 -1 -1 15528 1 -1879048189 5771 15528 
0
0
1
PART-1_INSTANCE
1
ALLELEMENTS
0
1
14
-2147483647
48 1 16 5 0 1 0 -1 -1 15528 1 -1879048189 1 15528 
0
0
0
4
BOTTOMEXTERIORASSEMBLY
0
1
0
1
PART-1_INSTANCE
246
1 2 3 7 8 9 10 11 12 13 14 15 16 17 18 19 20 21 37 38 39 40 41 42 43 44 45 64 65 66 67 68 69 70 71 72 73 74 75 76 77 78 79 80 81 82 83 84 85 86 87 88 89 90 91 92 93 94 121 122 123 124 125 126 127 128 129 142 143 144 145 146 147 148 149 150 151 152 153 180 181 182 183 184 185 212 213 214 215 216 217 218 219 220 221 222 223 224 225 226 227 228 229 230 231 232 233 234 235 236 237 238 239 240 241 242 243 244 245 246 247 248 249 250 251 252 340 341 342 382 383 407 408 409 576 577 604 605 606 607 608 636 637 638 639 640 641 642 690 691 714 715 801 916 917 919 920 925 926 928 929 939 940 942 943 948 949 951 952 1431 1432 1942 1943 1946 1947 1951 1952 1955 1956 1960 1961 1964 1965 1967 1968 1972 1973 1974 2055 2056 2057 2099 2100 2101 2123 2124 2125 2126 2130 2131 2132 2133 2142 2146 2235 2239 2240 2275 2276 2277 2283 2285 2317 2318 2350 2351 2382 2412 2562 2564 2567 2569 2623 2624 2625 2626 2627 2628 2629 2630 2717 2722 2723 2724 2731 2733 2783 2784 2785 2859 2864 2866 2870 2871 2883 2884 
0
XFIXEDNODESASSEMBLY
0
1
0
1
PART-1_INSTANCE
39
604 605 606 607 608 714 715 801 916 2099 2100 2101 2235 2239 2240 2275 2317 2318 2350 2351 2382 2412 2623 2624 2625 2626 2627 2628 2629 2630 2717 2733 2783 2784 2785 2859 2871 2883 2884 
0
YFIXEDNODESASSEMBLY
0
1
0
1
PART-1_INSTANCE
69
407 408 409 576 577 690 691 917 919 920 925 926 928 929 939 940 942 943 948 949 951 952 1431 1432 1942 1943 1946 1947 1951 1952 1955 1956 1960 1961 1964 1965 1967 1968 1972 1973 1974 2055 2056 2057 2123 2124 2125 2126 2130 2131 2132 2133 2142 2146 2276 2277 2283 2285 2562 2564 2567 2569 2722 2723 2724 2731 2864 2866 2870 
0
ZFIXEDNODESASSEMBLY
0
1
0
1
PART-1_INSTANCE
138
1 2 3 7 8 9 10 11 12 13 14 15 16 17 18 19 20 21 37 38 39 40 41 42 43 44 45 64 65 66 67 68 69 70 71 72 73 74 75 76 77 78 79 80 81 82 83 84 85 86 87 88 89 90 91 92 93 94 121 122 123 124 125 126 127 128 129 142 143 144 145 146 147 148 149 150 151 152 153 180 181 182 183 184 185 212 213 214 215 216 217 218 219 220 221 222 223 224 225 226 227 228 229 230 231 232 233 234 235 236 237 238 239 240 241 242 243 244 245 246 247 248 249 250 251 252 340 341 342 382 383 636 637 638 639 640 641 642 
0
0
0
0
