1
0
1
ASSEMBLY
1
PART-1_INSTANCE
PART-1
1
PART-1_INSTANCE
14
-2147483646
0
48 1 16 5 0 1 0 -1 -1 4041 1 -1879048189 1 4041 
14
48 1 16 5 0 1 0 -1 -1 4041 1 -1879048189 1 4041 
0
1
PART-1_INSTANCE
14
-2147483646
0
48 1 16 5 0 1 0 -1 -1 15528 1 -1879048189 1 15528 
14
48 1 16 5 0 1 0 -1 -1 15528 1 -1879048189 5771 15528 
0
0
1
PART-1_INSTANCE
1
ALLELEMENTS
0
1
14
-2147483647
48 1 16 5 0 1 0 -1 -1 15528 1 -1879048189 1 15528 
0
0
0
4
BOTTOMEXTERIORASSEMBLY
0
1
0
1
PART-1_INSTANCE
105
-2147483647
412 1 16 96 0 1 0 -1 -1 937 1 -1073741821 1 2912 -1071644729 -2147475471 1073741823 -16777216 33546241 33030144 -523265 268435455 0 29818880 473434080 1612464156 -1879080960 3146751 0 3203079 768 -1912587264 -33554425 -134217727 -2143354877 470679811 1039872 16776704 -2097143936 65409 117456896 -268435456 -524287 -897 3 267386880 -1828716544 127072 92276728 255800 1884160 -1073282560 524415 265158782 -2147483200 739115009 33046272 3670016 -203227016 -522190833 1056971783 917566 58720278 -2146504704 125837311 -64 -134217727 2140131073 -268371968 15 33030144 1072693248 98304 -126353408 -2097152 -134217777 0 0 57340 14417920 -1024 425983 -2147483648 -67105729 -2147481849 32671 33550364 549517312 1932533760 2141198592 -41940992 6488304 130057089 805306427 83967 -134155780 503316735 4068448 288360512 15736079 -1073642848 1754394891 419528600 -530151888 13 
0
XFIXEDNODESASSEMBLY
0
1
0
1
PART-1_INSTANCE
103
-2147483647
404 1 16 94 0 1 0 -1 -1 291 2 -1073741820 -1073741817 32 32 3 192 2720 62 0 0 59637760 939524544 32768 8323072 6293304 0 114688 0 335575040 -67108864 3 0 512 15360 0 0 3 32768 -2147483648 0 8 0 0 637534208 8193 184553408 511488 3768320 0 0 530317312 0 1572867 0 0 131312 -1073741824 2080374799 1048700 0 1957888 256 507776 -268435456 -1627353597 126976 0 18874368 0 131072 -268435456 16777217 0 0 0 69632 28835840 0 0 0 -134217728 2575 8 67100672 1082257408 570441728 -184537088 50331648 393216 260112384 1610612736 0 -1878925184 1006633471 0 543162368 31469568 -2147482624 268681223 536936192 -1065351168 27 
0
YFIXEDNODESASSEMBLY
0
1
0
1
PART-1_INSTANCE
102
-2147483647
400 1 16 93 0 1 0 -1 -1 508 2 -1073741820 -1073741817 31 32 1 191 2688 3968 0 0 0 7168 7340144 1056964608 398 0 12582940 3072 268435456 30 0 16515072 1882718222 4128768 67106816 201358848 261632 469762048 -1073741824 -2097146 -3601 15 1069547520 0 491904 96 224 0 1837056 2097663 504 1792 -1341652992 132185088 14680064 -813170688 58720319 67137536 1572864 234881112 0 503348734 -1015808 7 -1069670400 -1073741824 63 94371840 -4194304 131072 31457280 -41943040 -536871105 3 0 90096 0 -4096 1703935 0 12542 2048 130670 112 33554432 -2000683008 343933953 -268427264 25166787 3588 236 335868 -1073740048 0 16273792 67117312 5180 393856 -2109717472 604242017 10094784 
0
ZFIXEDNODESASSEMBLY
0
1
0
1
PART-1_INSTANCE
138
1 2 3 7 8 9 10 11 12 13 14 15 16 17 18 19 20 21 37 38 39 40 41 42 43 44 45 64 65 66 67 68 69 70 71 72 73 74 75 76 77 78 79 80 81 82 83 84 85 86 87 88 89 90 91 92 93 94 121 122 123 124 125 126 127 128 129 142 143 144 145 146 147 148 149 150 151 152 153 180 181 182 183 184 185 212 213 214 215 216 217 218 219 220 221 222 223 224 225 226 227 228 229 230 231 232 233 234 235 236 237 238 239 240 241 242 243 244 245 246 247 248 249 250 251 252 340 341 342 382 383 636 637 638 639 640 641 642 
0
0
0
0
